0 info it worked if it ends with ok
1 verbose cli [ '/home/kos/.nvm/versions/node/v6.2.2/bin/node',
1 verbose cli   '/home/kos/.nvm/versions/node/v6.2.2/bin/npm',
1 verbose cli   'run',
1 verbose cli   'server' ]
2 info using npm@3.9.5
3 info using node@v6.2.2
4 verbose run-script [ 'preserver', 'server', 'postserver' ]
5 info lifecycle angular-webpack-workflow@1.1.0~preserver: angular-webpack-workflow@1.1.0
6 silly lifecycle angular-webpack-workflow@1.1.0~preserver: no script for preserver, continuing
7 info lifecycle angular-webpack-workflow@1.1.0~server: angular-webpack-workflow@1.1.0
8 verbose lifecycle angular-webpack-workflow@1.1.0~server: unsafe-perm in lifecycle true
9 verbose lifecycle angular-webpack-workflow@1.1.0~server: PATH: /home/kos/.nvm/versions/node/v6.2.2/lib/node_modules/npm/bin/node-gyp-bin:/home/kos/git/github/imhere-angular-wizard.bak/node_modules/.bin:/home/kos/.nvm/versions/node/v6.2.2/bin:/home/kos/git/github/imhere-angular-wizard.bak/node_modules/.bin:/home/kos/.config/yarn/link/node_modules/.bin:/home/kos/git/github/imhere-angular-wizard.bak/node_modules/.bin:/home/kos/.config/yarn/link/node_modules/.bin:/usr/share/yarn/updates/0.17.6/bin/node-gyp-bin:/home/kos/.rvm/gems/ruby-2.3.0/bin:/home/kos/.rvm/gems/ruby-2.3.0@global/bin:/home/kos/.rvm/rubies/ruby-2.3.0/bin:/home/kos/.nvm/versions/node/v6.2.2/bin:/usr/local/sbin:/usr/local/bin:/usr/sbin:/usr/bin:/sbin:/bin:/usr/games:/usr/local/games:/snap/bin:/home/kos/.composer/vendor/bin/:/home/kos/.rvm/bin
10 verbose lifecycle angular-webpack-workflow@1.1.0~server: CWD: /home/kos/git/github/imhere-angular-wizard.bak
11 silly lifecycle angular-webpack-workflow@1.1.0~server: Args: [ '-c',
11 silly lifecycle   'webpack-dev-server --history-api-fallback --inline --progress' ]
12 silly lifecycle angular-webpack-workflow@1.1.0~server: Returned: code: 1  signal: null
13 info lifecycle angular-webpack-workflow@1.1.0~server: Failed to exec server script
14 verbose stack Error: angular-webpack-workflow@1.1.0 server: `webpack-dev-server --history-api-fallback --inline --progress`
14 verbose stack Exit status 1
14 verbose stack     at EventEmitter.<anonymous> (/home/kos/.nvm/versions/node/v6.2.2/lib/node_modules/npm/lib/utils/lifecycle.js:245:16)
14 verbose stack     at emitTwo (events.js:106:13)
14 verbose stack     at EventEmitter.emit (events.js:191:7)
14 verbose stack     at ChildProcess.<anonymous> (/home/kos/.nvm/versions/node/v6.2.2/lib/node_modules/npm/lib/utils/spawn.js:24:14)
14 verbose stack     at emitTwo (events.js:106:13)
14 verbose stack     at ChildProcess.emit (events.js:191:7)
14 verbose stack     at maybeClose (internal/child_process.js:852:16)
14 verbose stack     at Process.ChildProcess._handle.onexit (internal/child_process.js:215:5)
15 verbose pkgid angular-webpack-workflow@1.1.0
16 verbose cwd /home/kos/git/github/imhere-angular-wizard.bak
17 error Linux 4.4.0-62-generic
18 error argv "/home/kos/.nvm/versions/node/v6.2.2/bin/node" "/home/kos/.nvm/versions/node/v6.2.2/bin/npm" "run" "server"
19 error node v6.2.2
20 error npm  v3.9.5
21 error code ELIFECYCLE
22 error angular-webpack-workflow@1.1.0 server: `webpack-dev-server --history-api-fallback --inline --progress`
22 error Exit status 1
23 error Failed at the angular-webpack-workflow@1.1.0 server script 'webpack-dev-server --history-api-fallback --inline --progress'.
23 error Make sure you have the latest version of node.js and npm installed.
23 error If you do, this is most likely a problem with the angular-webpack-workflow package,
23 error not with npm itself.
23 error Tell the author that this fails on your system:
23 error     webpack-dev-server --history-api-fallback --inline --progress
23 error You can get information on how to open an issue for this project with:
23 error     npm bugs angular-webpack-workflow
23 error Or if that isn't available, you can get their info via:
23 error     npm owner ls angular-webpack-workflow
23 error There is likely additional logging output above.
24 verbose exit [ 1, true ]
